<?xml version="1.0" encoding="UTF-8"?>
<!-- Generated by org.testng.reporters.JUnitXMLReporter -->
<testsuite hostname="DESKTOP-R17B62S" name="Test" tests="7" failures="1" timestamp="26 Aug 2021 07:30:48 GMT" time="85.384" errors="0">
  <testcase name="@BeforeMethod logintoVtiger" time="0.0" classname="vtigerTestCases.TC10">
    <failure type="org.openqa.selenium.NoSuchElementException" message="no such element: Unable to locate element: {&amp;quot;method&amp;quot;:&amp;quot;xpath&amp;quot;,&amp;quot;selector&amp;quot;:&amp;quot;//input[@name=&amp;apos;user_name&amp;apos;]&amp;quot;}
  (Session info: chrome=92.0.4515.159)
For documentation on this error, please visit: https://www.seleniumhq.org/exceptions/no_such_element.html
Build info: version: &amp;apos;3.141.59&amp;apos;, revision: &amp;apos;e82be7d358&amp;apos;, time: &amp;apos;2018-11-14T08:17:03&amp;apos;
System info: host: &amp;apos;DESKTOP-R17B62S&amp;apos;, ip: &amp;apos;192.168.72.79&amp;apos;, os.name: &amp;apos;Windows 10&amp;apos;, os.arch: &amp;apos;amd64&amp;apos;, os.version: &amp;apos;10.0&amp;apos;, java.version: &amp;apos;1.8.0_281&amp;apos;
Driver info: org.openqa.selenium.chrome.ChromeDriver
Capabilities {acceptInsecureCerts: false, browserName: chrome, browserVersion: 92.0.4515.159, chrome: {chromedriverVersion: 92.0.4515.107 (87a818b10553..., userDataDir: C:\Users\CHAITR~1\AppData\L...}, goog:chromeOptions: {debuggerAddress: localhost:54393}, javascriptEnabled: true, networkConnectionEnabled: false, pageLoadStrategy: normal, platform: WINDOWS, platformName: WINDOWS, proxy: Proxy(), setWindowRect: true, strictFileInteractability: false, timeouts: {implicit: 0, pageLoad: 300000, script: 30000}, unhandledPromptBehavior: dismiss and notify, webauthn:extension:credBlob: true, webauthn:extension:largeBlob: true, webauthn:virtualAuthenticators: true}
Session ID: dd86d3bb0ca03b2d2335e4f7566d5069
*** Element info: {Using=xpath, value=//input[@name=&amp;apos;user_name&amp;apos;]}">
      <![CDATA[org.openqa.selenium.NoSuchElementException: no such element: Unable to locate element: {"method":"xpath","selector":"//input[@name='user_name']"}
  (Session info: chrome=92.0.4515.159)
For documentation on this error, please visit: https://www.seleniumhq.org/exceptions/no_such_element.html
Build info: version: '3.141.59', revision: 'e82be7d358', time: '2018-11-14T08:17:03'
System info: host: 'DESKTOP-R17B62S', ip: '192.168.72.79', os.name: 'Windows 10', os.arch: 'amd64', os.version: '10.0', java.version: '1.8.0_281'
Driver info: org.openqa.selenium.chrome.ChromeDriver
Capabilities {acceptInsecureCerts: false, browserName: chrome, browserVersion: 92.0.4515.159, chrome: {chromedriverVersion: 92.0.4515.107 (87a818b10553..., userDataDir: C:\Users\CHAITR~1\AppData\L...}, goog:chromeOptions: {debuggerAddress: localhost:54393}, javascriptEnabled: true, networkConnectionEnabled: false, pageLoadStrategy: normal, platform: WINDOWS, platformName: WINDOWS, proxy: Proxy(), setWindowRect: true, strictFileInteractability: false, timeouts: {implicit: 0, pageLoad: 300000, script: 30000}, unhandledPromptBehavior: dismiss and notify, webauthn:extension:credBlob: true, webauthn:extension:largeBlob: true, webauthn:virtualAuthenticators: true}
Session ID: dd86d3bb0ca03b2d2335e4f7566d5069
*** Element info: {Using=xpath, value=//input[@name='user_name']}
	at org.openqa.selenium.remote.http.W3CHttpResponseCodec.createException(W3CHttpResponseCodec.java:187)
	at org.openqa.selenium.remote.http.W3CHttpResponseCodec.decode(W3CHttpResponseCodec.java:122)
	at org.openqa.selenium.remote.http.W3CHttpResponseCodec.decode(W3CHttpResponseCodec.java:49)
	at org.openqa.selenium.remote.HttpCommandExecutor.execute(HttpCommandExecutor.java:158)
	at org.openqa.selenium.remote.service.DriverCommandExecutor.execute(DriverCommandExecutor.java:83)
	at org.openqa.selenium.remote.RemoteWebDriver.execute(RemoteWebDriver.java:552)
	at org.openqa.selenium.remote.RemoteWebDriver.findElement(RemoteWebDriver.java:323)
	at org.openqa.selenium.remote.RemoteWebDriver.findElementByXPath(RemoteWebDriver.java:428)
	at org.openqa.selenium.By$ByXPath.findElement(By.java:353)
	at org.openqa.selenium.remote.RemoteWebDriver.findElement(RemoteWebDriver.java:315)
	at org.openqa.selenium.support.pagefactory.DefaultElementLocator.findElement(DefaultElementLocator.java:69)
	at org.openqa.selenium.support.pagefactory.internal.LocatingElementHandler.invoke(LocatingElementHandler.java:38)
	at com.sun.proxy.$Proxy11.sendKeys(Unknown Source)
	at com.objectrepo.Loginpage.loginAppElements(Loginpage.java:47)
	at generic_script.BaseClass.logintoVtiger(BaseClass.java:58)
... Removed 31 stack frames]]>
    </failure>
  </testcase> <!-- @BeforeMethod logintoVtiger -->
  <testcase name="@AfterMethod logoutVtiger" time="0.0" classname="vtigerTestCases.TC10">
    <skipped/>
  </testcase> <!-- @AfterMethod logoutVtiger -->
  <testcase name="@AfterClass closeBrowser" time="0.0" classname="vtigerTestCases.TC10">
    <skipped/>
  </testcase> <!-- @AfterClass closeBrowser -->
  <testcase name="@BeforeClass launchBrowser" time="0.0" classname="vtigerTestCases.TC15">
    <skipped/>
  </testcase> <!-- @BeforeClass launchBrowser -->
  <testcase name="@BeforeMethod logintoVtiger" time="0.0" classname="vtigerTestCases.TC15">
    <skipped/>
  </testcase> <!-- @BeforeMethod logintoVtiger -->
  <testcase name="@AfterMethod logoutVtiger" time="0.0" classname="vtigerTestCases.TC15">
    <skipped/>
  </testcase> <!-- @AfterMethod logoutVtiger -->
  <testcase name="@AfterClass closeBrowser" time="0.0" classname="vtigerTestCases.TC15">
    <skipped/>
  </testcase> <!-- @AfterClass closeBrowser -->
  <testcase name="@BeforeClass launchBrowser" time="0.0" classname="vtigerTestCases.TC14">
    <skipped/>
  </testcase> <!-- @BeforeClass launchBrowser -->
  <testcase name="@BeforeMethod logintoVtiger" time="0.0" classname="vtigerTestCases.TC14">
    <skipped/>
  </testcase> <!-- @BeforeMethod logintoVtiger -->
  <testcase name="@AfterMethod logoutVtiger" time="0.0" classname="vtigerTestCases.TC14">
    <skipped/>
  </testcase> <!-- @AfterMethod logoutVtiger -->
  <testcase name="@AfterClass closeBrowser" time="0.0" classname="vtigerTestCases.TC14">
    <skipped/>
  </testcase> <!-- @AfterClass closeBrowser -->
  <testcase name="@BeforeClass launchBrowser" time="0.0" classname="vtigerTestCases.TC13">
    <skipped/>
  </testcase> <!-- @BeforeClass launchBrowser -->
  <testcase name="@BeforeMethod logintoVtiger" time="0.0" classname="vtigerTestCases.TC13">
    <skipped/>
  </testcase> <!-- @BeforeMethod logintoVtiger -->
  <testcase name="@AfterMethod logoutVtiger" time="0.0" classname="vtigerTestCases.TC13">
    <skipped/>
  </testcase> <!-- @AfterMethod logoutVtiger -->
  <testcase name="@AfterClass closeBrowser" time="0.0" classname="vtigerTestCases.TC13">
    <skipped/>
  </testcase> <!-- @AfterClass closeBrowser -->
  <testcase name="@BeforeClass launchBrowser" time="0.0" classname="vtigerTestCases.TC12">
    <skipped/>
  </testcase> <!-- @BeforeClass launchBrowser -->
  <testcase name="@BeforeMethod logintoVtiger" time="0.0" classname="vtigerTestCases.TC12">
    <skipped/>
  </testcase> <!-- @BeforeMethod logintoVtiger -->
  <testcase name="@AfterMethod logoutVtiger" time="0.0" classname="vtigerTestCases.TC12">
    <skipped/>
  </testcase> <!-- @AfterMethod logoutVtiger -->
  <testcase name="@AfterClass closeBrowser" time="0.0" classname="vtigerTestCases.TC12">
    <skipped/>
  </testcase> <!-- @AfterClass closeBrowser -->
  <testcase name="testCase11" time="10.148" classname="vtigerTestCases.TC11">
    <failure type="org.openqa.selenium.ElementNotInteractableException" message="element not interactable
  (Session info: chrome=92.0.4515.159)
Build info: version: &amp;apos;3.141.59&amp;apos;, revision: &amp;apos;e82be7d358&amp;apos;, time: &amp;apos;2018-11-14T08:17:03&amp;apos;
System info: host: &amp;apos;DESKTOP-R17B62S&amp;apos;, ip: &amp;apos;192.168.72.79&amp;apos;, os.name: &amp;apos;Windows 10&amp;apos;, os.arch: &amp;apos;amd64&amp;apos;, os.version: &amp;apos;10.0&amp;apos;, java.version: &amp;apos;1.8.0_281&amp;apos;
Driver info: org.openqa.selenium.chrome.ChromeDriver
Capabilities {acceptInsecureCerts: false, browserName: chrome, browserVersion: 92.0.4515.159, chrome: {chromedriverVersion: 92.0.4515.107 (87a818b10553..., userDataDir: C:\Users\CHAITR~1\AppData\L...}, goog:chromeOptions: {debuggerAddress: localhost:57442}, javascriptEnabled: true, networkConnectionEnabled: false, pageLoadStrategy: normal, platform: WINDOWS, platformName: WINDOWS, proxy: Proxy(), setWindowRect: true, strictFileInteractability: false, timeouts: {implicit: 0, pageLoad: 300000, script: 30000}, unhandledPromptBehavior: dismiss and notify, webauthn:extension:credBlob: true, webauthn:extension:largeBlob: true, webauthn:virtualAuthenticators: true}
Session ID: 949bbc3b784a3674650319262d01be84">
      <![CDATA[org.openqa.selenium.ElementNotInteractableException: element not interactable
  (Session info: chrome=92.0.4515.159)
Build info: version: '3.141.59', revision: 'e82be7d358', time: '2018-11-14T08:17:03'
System info: host: 'DESKTOP-R17B62S', ip: '192.168.72.79', os.name: 'Windows 10', os.arch: 'amd64', os.version: '10.0', java.version: '1.8.0_281'
Driver info: org.openqa.selenium.chrome.ChromeDriver
Capabilities {acceptInsecureCerts: false, browserName: chrome, browserVersion: 92.0.4515.159, chrome: {chromedriverVersion: 92.0.4515.107 (87a818b10553..., userDataDir: C:\Users\CHAITR~1\AppData\L...}, goog:chromeOptions: {debuggerAddress: localhost:57442}, javascriptEnabled: true, networkConnectionEnabled: false, pageLoadStrategy: normal, platform: WINDOWS, platformName: WINDOWS, proxy: Proxy(), setWindowRect: true, strictFileInteractability: false, timeouts: {implicit: 0, pageLoad: 300000, script: 30000}, unhandledPromptBehavior: dismiss and notify, webauthn:extension:credBlob: true, webauthn:extension:largeBlob: true, webauthn:virtualAuthenticators: true}
Session ID: 949bbc3b784a3674650319262d01be84
	at org.openqa.selenium.remote.http.W3CHttpResponseCodec.createException(W3CHttpResponseCodec.java:187)
	at org.openqa.selenium.remote.http.W3CHttpResponseCodec.decode(W3CHttpResponseCodec.java:122)
	at org.openqa.selenium.remote.http.W3CHttpResponseCodec.decode(W3CHttpResponseCodec.java:49)
	at org.openqa.selenium.remote.HttpCommandExecutor.execute(HttpCommandExecutor.java:158)
	at org.openqa.selenium.remote.service.DriverCommandExecutor.execute(DriverCommandExecutor.java:83)
	at org.openqa.selenium.remote.RemoteWebDriver.execute(RemoteWebDriver.java:552)
	at org.openqa.selenium.remote.RemoteWebElement.execute(RemoteWebElement.java:285)
	at org.openqa.selenium.remote.RemoteWebElement.click(RemoteWebElement.java:84)
	at org.openqa.selenium.support.pagefactory.internal.LocatingElementHandler.invoke(LocatingElementHandler.java:51)
	at com.sun.proxy.$Proxy11.click(Unknown Source)
	at com.objectrepo.HomePage.moreLinkInHomePage(HomePage.java:90)
	at vtigerTestCases.TC11.testCase11(TC11.java:20)
... Removed 33 stack frames]]>
    </failure>
  </testcase> <!-- testCase11 -->
  <testcase name="testCase10" time="29.155" classname="vtigerTestCases.TC10"/>
  <testcase name="testCase11" time="0.0" classname="vtigerTestCases.TC10">
    <skipped/>
  </testcase> <!-- testCase11 -->
  <testcase name="testCase14" time="0.0" classname="vtigerTestCases.TC15">
    <skipped/>
  </testcase> <!-- testCase14 -->
  <testcase name="testCase14" time="0.0" classname="vtigerTestCases.TC14">
    <skipped/>
  </testcase> <!-- testCase14 -->
  <testcase name="testCase13" time="0.0" classname="vtigerTestCases.TC13">
    <skipped/>
  </testcase> <!-- testCase13 -->
  <testcase name="testCase12" time="0.0" classname="vtigerTestCases.TC12">
    <skipped/>
  </testcase> <!-- testCase12 -->
</testsuite> <!-- Test -->
