<?xml version="1.0" encoding="UTF-8"?>
<testng-results skipped="4" failed="2" total="7" passed="1">
  <reporter-output>
  </reporter-output>
  <suite name="Suite" duration-ms="97955" started-at="2021-08-27T12:21:51Z" finished-at="2021-08-27T12:23:29Z">
    <groups>
      <group name="SmokeTest">
        <method signature="TC10.testCase11()[pri:0, instance:vtigerTestCases.TC10@7b49cea0]" name="testCase11" class="vtigerTestCases.TC10"/>
        <method signature="TC11.testCase11()[pri:0, instance:vtigerTestCases.TC11@61f8bee4]" name="testCase11" class="vtigerTestCases.TC11"/>
      </group> <!-- SmokeTest -->
      <group name="Regressiontest">
        <method signature="TC10.testCase10()[pri:0, instance:vtigerTestCases.TC10@7b49cea0]" name="testCase10" class="vtigerTestCases.TC10"/>
      </group> <!-- Regressiontest -->
      <group name="Smoketest">
        <method signature="TC12.testCase12()[pri:0, instance:vtigerTestCases.TC12@6e0e048a]" name="testCase12" class="vtigerTestCases.TC12"/>
        <method signature="TC14.testCase14()[pri:0, instance:vtigerTestCases.TC14@7fac631b]" name="testCase14" class="vtigerTestCases.TC14"/>
      </group> <!-- Smoketest -->
    </groups>
    <test name="Test" duration-ms="97955" started-at="2021-08-27T12:21:51Z" finished-at="2021-08-27T12:23:29Z">
      <class name="vtigerTestCases.TC12">
        <test-method status="SKIP" signature="launchBrowser()[pri:0, instance:vtigerTestCases.TC12@6e0e048a]" name="launchBrowser" is-config="true" duration-ms="0" started-at="2021-08-27T17:53:29Z" finished-at="2021-08-27T17:53:29Z">
          <reporter-output>
          </reporter-output>
        </test-method> <!-- launchBrowser -->
        <test-method status="SKIP" signature="testCase12()[pri:0, instance:vtigerTestCases.TC12@6e0e048a]" name="testCase12" duration-ms="1" started-at="2021-08-27T17:53:29Z" finished-at="2021-08-27T17:53:29Z">
          <reporter-output>
          </reporter-output>
        </test-method> <!-- testCase12 -->
        <test-method status="SKIP" signature="logintoVtiger()[pri:0, instance:vtigerTestCases.TC12@6e0e048a]" name="logintoVtiger" is-config="true" duration-ms="0" started-at="2021-08-27T17:53:29Z" finished-at="2021-08-27T17:53:29Z">
          <reporter-output>
          </reporter-output>
        </test-method> <!-- logintoVtiger -->
        <test-method status="SKIP" signature="logoutVtiger()[pri:0, instance:vtigerTestCases.TC12@6e0e048a]" name="logoutVtiger" is-config="true" duration-ms="0" started-at="2021-08-27T17:53:29Z" finished-at="2021-08-27T17:53:29Z">
          <reporter-output>
          </reporter-output>
        </test-method> <!-- logoutVtiger -->
        <test-method status="SKIP" signature="closeBrowser()[pri:0, instance:vtigerTestCases.TC12@6e0e048a]" name="closeBrowser" is-config="true" duration-ms="0" started-at="2021-08-27T17:53:29Z" finished-at="2021-08-27T17:53:29Z">
          <reporter-output>
          </reporter-output>
        </test-method> <!-- closeBrowser -->
      </class> <!-- vtigerTestCases.TC12 -->
      <class name="vtigerTestCases.TC13">
        <test-method status="SKIP" signature="launchBrowser()[pri:0, instance:vtigerTestCases.TC13@5b87ed94]" name="launchBrowser" is-config="true" duration-ms="0" started-at="2021-08-27T17:53:29Z" finished-at="2021-08-27T17:53:29Z">
          <reporter-output>
          </reporter-output>
        </test-method> <!-- launchBrowser -->
        <test-method status="SKIP" signature="testCase13()[pri:0, instance:vtigerTestCases.TC13@5b87ed94]" name="testCase13" duration-ms="0" started-at="2021-08-27T17:53:29Z" finished-at="2021-08-27T17:53:29Z">
          <reporter-output>
          </reporter-output>
        </test-method> <!-- testCase13 -->
        <test-method status="SKIP" signature="logintoVtiger()[pri:0, instance:vtigerTestCases.TC13@5b87ed94]" name="logintoVtiger" is-config="true" duration-ms="0" started-at="2021-08-27T17:53:29Z" finished-at="2021-08-27T17:53:29Z">
          <reporter-output>
          </reporter-output>
        </test-method> <!-- logintoVtiger -->
        <test-method status="SKIP" signature="closeBrowser()[pri:0, instance:vtigerTestCases.TC13@5b87ed94]" name="closeBrowser" is-config="true" duration-ms="0" started-at="2021-08-27T17:53:29Z" finished-at="2021-08-27T17:53:29Z">
          <reporter-output>
          </reporter-output>
        </test-method> <!-- closeBrowser -->
        <test-method status="SKIP" signature="logoutVtiger()[pri:0, instance:vtigerTestCases.TC13@5b87ed94]" name="logoutVtiger" is-config="true" duration-ms="0" started-at="2021-08-27T17:53:29Z" finished-at="2021-08-27T17:53:29Z">
          <reporter-output>
          </reporter-output>
        </test-method> <!-- logoutVtiger -->
      </class> <!-- vtigerTestCases.TC13 -->
      <class name="vtigerTestCases.TC10">
        <test-method status="PASS" signature="launchBrowser()[pri:0, instance:vtigerTestCases.TC10@7b49cea0]" name="launchBrowser" is-config="true" duration-ms="1066" started-at="2021-08-27T17:52:31Z" finished-at="2021-08-27T17:52:32Z">
          <reporter-output>
          </reporter-output>
        </test-method> <!-- launchBrowser -->
        <test-method status="PASS" signature="logintoVtiger()[pri:0, instance:vtigerTestCases.TC10@7b49cea0]" name="logintoVtiger" is-config="true" duration-ms="5813" started-at="2021-08-27T17:52:32Z" finished-at="2021-08-27T17:52:38Z">
          <reporter-output>
          </reporter-output>
        </test-method> <!-- logintoVtiger -->
        <test-method status="FAIL" signature="testCase10()[pri:0, instance:vtigerTestCases.TC10@7b49cea0]" name="testCase10" duration-ms="20972" started-at="2021-08-27T17:52:38Z" finished-at="2021-08-27T17:52:59Z">
          <exception class="java.lang.AssertionError">
            <message>
              <![CDATA[expected [true] but found [false]]]>
            </message>
            <full-stacktrace>
              <![CDATA[java.lang.AssertionError: expected [true] but found [false]
	at org.testng.Assert.fail(Assert.java:94)
	at org.testng.Assert.failNotEquals(Assert.java:513)
	at org.testng.Assert.assertEqualsImpl(Assert.java:135)
	at org.testng.Assert.assertEquals(Assert.java:116)
	at org.testng.Assert.assertEquals(Assert.java:305)
	at org.testng.Assert.assertEquals(Assert.java:315)
	at vtigerTestCases.TC10.testCase10(TC10.java:55)
	at sun.reflect.NativeMethodAccessorImpl.invoke0(Native Method)
	at sun.reflect.NativeMethodAccessorImpl.invoke(Unknown Source)
	at sun.reflect.DelegatingMethodAccessorImpl.invoke(Unknown Source)
	at java.lang.reflect.Method.invoke(Unknown Source)
	at org.testng.internal.MethodInvocationHelper.invokeMethod(MethodInvocationHelper.java:100)
	at org.testng.internal.Invoker.invokeMethod(Invoker.java:646)
	at org.testng.internal.Invoker.invokeTestMethod(Invoker.java:811)
	at org.testng.internal.Invoker.invokeTestMethods(Invoker.java:1137)
	at org.testng.internal.TestMethodWorker.invokeTestMethods(TestMethodWorker.java:129)
	at org.testng.internal.TestMethodWorker.run(TestMethodWorker.java:112)
	at org.testng.TestRunner.privateRun(TestRunner.java:753)
	at org.testng.TestRunner.run(TestRunner.java:607)
	at org.testng.SuiteRunner.runTest(SuiteRunner.java:368)
	at org.testng.SuiteRunner.runSequentially(SuiteRunner.java:363)
	at org.testng.SuiteRunner.privateRun(SuiteRunner.java:321)
	at org.testng.SuiteRunner.run(SuiteRunner.java:270)
	at org.testng.SuiteRunnerWorker.runSuite(SuiteRunnerWorker.java:52)
	at org.testng.SuiteRunnerWorker.run(SuiteRunnerWorker.java:86)
	at org.testng.TestNG.runSuitesSequentially(TestNG.java:1284)
	at org.testng.TestNG.runSuitesLocally(TestNG.java:1209)
	at org.testng.TestNG.runSuites(TestNG.java:1124)
	at org.testng.TestNG.run(TestNG.java:1096)
	at org.testng.remote.AbstractRemoteTestNG.run(AbstractRemoteTestNG.java:132)
	at org.testng.remote.RemoteTestNG.initAndRun(RemoteTestNG.java:236)
	at org.testng.remote.RemoteTestNG.main(RemoteTestNG.java:81)
]]>
            </full-stacktrace>
          </exception> <!-- java.lang.AssertionError -->
          <reporter-output>
          </reporter-output>
        </test-method> <!-- testCase10 -->
        <test-method status="PASS" signature="logoutVtiger()[pri:0, instance:vtigerTestCases.TC10@7b49cea0]" name="logoutVtiger" is-config="true" duration-ms="951" started-at="2021-08-27T17:52:59Z" finished-at="2021-08-27T17:53:00Z">
          <reporter-output>
          </reporter-output>
        </test-method> <!-- logoutVtiger -->
        <test-method status="PASS" signature="logintoVtiger()[pri:0, instance:vtigerTestCases.TC10@7b49cea0]" name="logintoVtiger" is-config="true" duration-ms="4929" started-at="2021-08-27T17:53:00Z" finished-at="2021-08-27T17:53:05Z">
          <reporter-output>
          </reporter-output>
        </test-method> <!-- logintoVtiger -->
        <test-method status="FAIL" signature="testCase11()[pri:0, instance:vtigerTestCases.TC10@7b49cea0]" name="testCase11" duration-ms="14259" started-at="2021-08-27T17:53:05Z" finished-at="2021-08-27T17:53:19Z">
          <exception class="org.openqa.selenium.NoSuchElementException">
            <message>
              <![CDATA[no such element: Unable to locate element: {"method":"xpath","selector":"//a[.='Samsung']"}
  (Session info: chrome=92.0.4515.159)
For documentation on this error, please visit: https://www.seleniumhq.org/exceptions/no_such_element.html
Build info: version: '3.141.59', revision: 'e82be7d358', time: '2018-11-14T08:17:03'
System info: host: 'DESKTOP-R17B62S', ip: '192.168.151.79', os.name: 'Windows 10', os.arch: 'amd64', os.version: '10.0', java.version: '1.8.0_281'
Driver info: org.openqa.selenium.chrome.ChromeDriver
Capabilities {acceptInsecureCerts: false, browserName: chrome, browserVersion: 92.0.4515.159, chrome: {chromedriverVersion: 92.0.4515.107 (87a818b10553..., userDataDir: C:\Users\CHAITR~1\AppData\L...}, goog:chromeOptions: {debuggerAddress: localhost:63062}, javascriptEnabled: true, networkConnectionEnabled: false, pageLoadStrategy: normal, platform: WINDOWS, platformName: WINDOWS, proxy: Proxy(), setWindowRect: true, strictFileInteractability: false, timeouts: {implicit: 0, pageLoad: 300000, script: 30000}, unhandledPromptBehavior: dismiss and notify, webauthn:extension:credBlob: true, webauthn:extension:largeBlob: true, webauthn:virtualAuthenticators: true}
Session ID: c0936003cdd2bfe4753f8fd430c1fff3
*** Element info: {Using=xpath, value=//a[.='Samsung']}]]>
            </message>
            <full-stacktrace>
              <![CDATA[org.openqa.selenium.NoSuchElementException: no such element: Unable to locate element: {"method":"xpath","selector":"//a[.='Samsung']"}
  (Session info: chrome=92.0.4515.159)
For documentation on this error, please visit: https://www.seleniumhq.org/exceptions/no_such_element.html
Build info: version: '3.141.59', revision: 'e82be7d358', time: '2018-11-14T08:17:03'
System info: host: 'DESKTOP-R17B62S', ip: '192.168.151.79', os.name: 'Windows 10', os.arch: 'amd64', os.version: '10.0', java.version: '1.8.0_281'
Driver info: org.openqa.selenium.chrome.ChromeDriver
Capabilities {acceptInsecureCerts: false, browserName: chrome, browserVersion: 92.0.4515.159, chrome: {chromedriverVersion: 92.0.4515.107 (87a818b10553..., userDataDir: C:\Users\CHAITR~1\AppData\L...}, goog:chromeOptions: {debuggerAddress: localhost:63062}, javascriptEnabled: true, networkConnectionEnabled: false, pageLoadStrategy: normal, platform: WINDOWS, platformName: WINDOWS, proxy: Proxy(), setWindowRect: true, strictFileInteractability: false, timeouts: {implicit: 0, pageLoad: 300000, script: 30000}, unhandledPromptBehavior: dismiss and notify, webauthn:extension:credBlob: true, webauthn:extension:largeBlob: true, webauthn:virtualAuthenticators: true}
Session ID: c0936003cdd2bfe4753f8fd430c1fff3
*** Element info: {Using=xpath, value=//a[.='Samsung']}
	at sun.reflect.NativeConstructorAccessorImpl.newInstance0(Native Method)
	at sun.reflect.NativeConstructorAccessorImpl.newInstance(Unknown Source)
	at sun.reflect.DelegatingConstructorAccessorImpl.newInstance(Unknown Source)
	at java.lang.reflect.Constructor.newInstance(Unknown Source)
	at org.openqa.selenium.remote.http.W3CHttpResponseCodec.createException(W3CHttpResponseCodec.java:187)
	at org.openqa.selenium.remote.http.W3CHttpResponseCodec.decode(W3CHttpResponseCodec.java:122)
	at org.openqa.selenium.remote.http.W3CHttpResponseCodec.decode(W3CHttpResponseCodec.java:49)
	at org.openqa.selenium.remote.HttpCommandExecutor.execute(HttpCommandExecutor.java:158)
	at org.openqa.selenium.remote.service.DriverCommandExecutor.execute(DriverCommandExecutor.java:83)
	at org.openqa.selenium.remote.RemoteWebDriver.execute(RemoteWebDriver.java:552)
	at org.openqa.selenium.remote.RemoteWebDriver.findElement(RemoteWebDriver.java:323)
	at org.openqa.selenium.remote.RemoteWebDriver.findElementByXPath(RemoteWebDriver.java:428)
	at org.openqa.selenium.By$ByXPath.findElement(By.java:353)
	at org.openqa.selenium.remote.RemoteWebDriver.findElement(RemoteWebDriver.java:315)
	at org.openqa.selenium.support.pagefactory.DefaultElementLocator.findElement(DefaultElementLocator.java:69)
	at org.openqa.selenium.support.pagefactory.internal.LocatingElementHandler.invoke(LocatingElementHandler.java:38)
	at com.sun.proxy.$Proxy11.click(Unknown Source)
	at vtigerTestCases.TC10.testCase11(TC10.java:82)
	at sun.reflect.NativeMethodAccessorImpl.invoke0(Native Method)
	at sun.reflect.NativeMethodAccessorImpl.invoke(Unknown Source)
	at sun.reflect.DelegatingMethodAccessorImpl.invoke(Unknown Source)
	at java.lang.reflect.Method.invoke(Unknown Source)
	at org.testng.internal.MethodInvocationHelper.invokeMethod(MethodInvocationHelper.java:100)
	at org.testng.internal.Invoker.invokeMethod(Invoker.java:646)
	at org.testng.internal.Invoker.invokeTestMethod(Invoker.java:811)
	at org.testng.internal.Invoker.invokeTestMethods(Invoker.java:1137)
	at org.testng.internal.TestMethodWorker.invokeTestMethods(TestMethodWorker.java:129)
	at org.testng.internal.TestMethodWorker.run(TestMethodWorker.java:112)
	at org.testng.TestRunner.privateRun(TestRunner.java:753)
	at org.testng.TestRunner.run(TestRunner.java:607)
	at org.testng.SuiteRunner.runTest(SuiteRunner.java:368)
	at org.testng.SuiteRunner.runSequentially(SuiteRunner.java:363)
	at org.testng.SuiteRunner.privateRun(SuiteRunner.java:321)
	at org.testng.SuiteRunner.run(SuiteRunner.java:270)
	at org.testng.SuiteRunnerWorker.runSuite(SuiteRunnerWorker.java:52)
	at org.testng.SuiteRunnerWorker.run(SuiteRunnerWorker.java:86)
	at org.testng.TestNG.runSuitesSequentially(TestNG.java:1284)
	at org.testng.TestNG.runSuitesLocally(TestNG.java:1209)
	at org.testng.TestNG.runSuites(TestNG.java:1124)
	at org.testng.TestNG.run(TestNG.java:1096)
	at org.testng.remote.AbstractRemoteTestNG.run(AbstractRemoteTestNG.java:132)
	at org.testng.remote.RemoteTestNG.initAndRun(RemoteTestNG.java:236)
	at org.testng.remote.RemoteTestNG.main(RemoteTestNG.java:81)
]]>
            </full-stacktrace>
          </exception> <!-- org.openqa.selenium.NoSuchElementException -->
          <reporter-output>
          </reporter-output>
        </test-method> <!-- testCase11 -->
        <test-method status="FAIL" signature="logoutVtiger()[pri:0, instance:vtigerTestCases.TC10@7b49cea0]" name="logoutVtiger" is-config="true" duration-ms="0" started-at="2021-08-27T17:53:19Z" finished-at="2021-08-27T17:53:19Z">
          <exception class="org.openqa.selenium.NoSuchElementException">
            <message>
              <![CDATA[no such element: Unable to locate element: {"method":"xpath","selector":"//img[@src='themes/softed/images/user.PNG']"}
  (Session info: chrome=92.0.4515.159)
For documentation on this error, please visit: https://www.seleniumhq.org/exceptions/no_such_element.html
Build info: version: '3.141.59', revision: 'e82be7d358', time: '2018-11-14T08:17:03'
System info: host: 'DESKTOP-R17B62S', ip: '192.168.151.79', os.name: 'Windows 10', os.arch: 'amd64', os.version: '10.0', java.version: '1.8.0_281'
Driver info: org.openqa.selenium.chrome.ChromeDriver
Capabilities {acceptInsecureCerts: false, browserName: chrome, browserVersion: 92.0.4515.159, chrome: {chromedriverVersion: 92.0.4515.107 (87a818b10553..., userDataDir: C:\Users\CHAITR~1\AppData\L...}, goog:chromeOptions: {debuggerAddress: localhost:63062}, javascriptEnabled: true, networkConnectionEnabled: false, pageLoadStrategy: normal, platform: WINDOWS, platformName: WINDOWS, proxy: Proxy(), setWindowRect: true, strictFileInteractability: false, timeouts: {implicit: 0, pageLoad: 300000, script: 30000}, unhandledPromptBehavior: dismiss and notify, webauthn:extension:credBlob: true, webauthn:extension:largeBlob: true, webauthn:virtualAuthenticators: true}
Session ID: c0936003cdd2bfe4753f8fd430c1fff3
*** Element info: {Using=xpath, value=//img[@src='themes/softed/images/user.PNG']}]]>
            </message>
            <full-stacktrace>
              <![CDATA[org.openqa.selenium.NoSuchElementException: no such element: Unable to locate element: {"method":"xpath","selector":"//img[@src='themes/softed/images/user.PNG']"}
  (Session info: chrome=92.0.4515.159)
For documentation on this error, please visit: https://www.seleniumhq.org/exceptions/no_such_element.html
Build info: version: '3.141.59', revision: 'e82be7d358', time: '2018-11-14T08:17:03'
System info: host: 'DESKTOP-R17B62S', ip: '192.168.151.79', os.name: 'Windows 10', os.arch: 'amd64', os.version: '10.0', java.version: '1.8.0_281'
Driver info: org.openqa.selenium.chrome.ChromeDriver
Capabilities {acceptInsecureCerts: false, browserName: chrome, browserVersion: 92.0.4515.159, chrome: {chromedriverVersion: 92.0.4515.107 (87a818b10553..., userDataDir: C:\Users\CHAITR~1\AppData\L...}, goog:chromeOptions: {debuggerAddress: localhost:63062}, javascriptEnabled: true, networkConnectionEnabled: false, pageLoadStrategy: normal, platform: WINDOWS, platformName: WINDOWS, proxy: Proxy(), setWindowRect: true, strictFileInteractability: false, timeouts: {implicit: 0, pageLoad: 300000, script: 30000}, unhandledPromptBehavior: dismiss and notify, webauthn:extension:credBlob: true, webauthn:extension:largeBlob: true, webauthn:virtualAuthenticators: true}
Session ID: c0936003cdd2bfe4753f8fd430c1fff3
*** Element info: {Using=xpath, value=//img[@src='themes/softed/images/user.PNG']}
	at sun.reflect.NativeConstructorAccessorImpl.newInstance0(Native Method)
	at sun.reflect.NativeConstructorAccessorImpl.newInstance(Unknown Source)
	at sun.reflect.DelegatingConstructorAccessorImpl.newInstance(Unknown Source)
	at java.lang.reflect.Constructor.newInstance(Unknown Source)
	at org.openqa.selenium.remote.http.W3CHttpResponseCodec.createException(W3CHttpResponseCodec.java:187)
	at org.openqa.selenium.remote.http.W3CHttpResponseCodec.decode(W3CHttpResponseCodec.java:122)
	at org.openqa.selenium.remote.http.W3CHttpResponseCodec.decode(W3CHttpResponseCodec.java:49)
	at org.openqa.selenium.remote.HttpCommandExecutor.execute(HttpCommandExecutor.java:158)
	at org.openqa.selenium.remote.service.DriverCommandExecutor.execute(DriverCommandExecutor.java:83)
	at org.openqa.selenium.remote.RemoteWebDriver.execute(RemoteWebDriver.java:552)
	at org.openqa.selenium.remote.RemoteWebDriver.findElement(RemoteWebDriver.java:323)
	at org.openqa.selenium.remote.RemoteWebDriver.findElementByXPath(RemoteWebDriver.java:428)
	at org.openqa.selenium.By$ByXPath.findElement(By.java:353)
	at org.openqa.selenium.remote.RemoteWebDriver.findElement(RemoteWebDriver.java:315)
	at org.openqa.selenium.support.pagefactory.DefaultElementLocator.findElement(DefaultElementLocator.java:69)
	at org.openqa.selenium.support.pagefactory.internal.LocatingElementHandler.invoke(LocatingElementHandler.java:38)
	at com.sun.proxy.$Proxy11.click(Unknown Source)
	at com.objectrepo.HomePage.signOutInHomePage(HomePage.java:77)
	at generic_script.BaseClass.logoutVtiger(BaseClass.java:73)
	at sun.reflect.NativeMethodAccessorImpl.invoke0(Native Method)
	at sun.reflect.NativeMethodAccessorImpl.invoke(Unknown Source)
	at sun.reflect.DelegatingMethodAccessorImpl.invoke(Unknown Source)
	at java.lang.reflect.Method.invoke(Unknown Source)
	at org.testng.internal.MethodInvocationHelper.invokeMethod(MethodInvocationHelper.java:100)
	at org.testng.internal.Invoker.invokeConfigurationMethod(Invoker.java:515)
	at org.testng.internal.Invoker.invokeConfigurations(Invoker.java:216)
	at org.testng.internal.Invoker.invokeMethod(Invoker.java:712)
	at org.testng.internal.Invoker.invokeTestMethod(Invoker.java:811)
	at org.testng.internal.Invoker.invokeTestMethods(Invoker.java:1137)
	at org.testng.internal.TestMethodWorker.invokeTestMethods(TestMethodWorker.java:129)
	at org.testng.internal.TestMethodWorker.run(TestMethodWorker.java:112)
	at org.testng.TestRunner.privateRun(TestRunner.java:753)
	at org.testng.TestRunner.run(TestRunner.java:607)
	at org.testng.SuiteRunner.runTest(SuiteRunner.java:368)
	at org.testng.SuiteRunner.runSequentially(SuiteRunner.java:363)
	at org.testng.SuiteRunner.privateRun(SuiteRunner.java:321)
	at org.testng.SuiteRunner.run(SuiteRunner.java:270)
	at org.testng.SuiteRunnerWorker.runSuite(SuiteRunnerWorker.java:52)
	at org.testng.SuiteRunnerWorker.run(SuiteRunnerWorker.java:86)
	at org.testng.TestNG.runSuitesSequentially(TestNG.java:1284)
	at org.testng.TestNG.runSuitesLocally(TestNG.java:1209)
	at org.testng.TestNG.runSuites(TestNG.java:1124)
	at org.testng.TestNG.run(TestNG.java:1096)
	at org.testng.remote.AbstractRemoteTestNG.run(AbstractRemoteTestNG.java:132)
	at org.testng.remote.RemoteTestNG.initAndRun(RemoteTestNG.java:236)
	at org.testng.remote.RemoteTestNG.main(RemoteTestNG.java:81)
]]>
            </full-stacktrace>
          </exception> <!-- org.openqa.selenium.NoSuchElementException -->
          <reporter-output>
          </reporter-output>
        </test-method> <!-- logoutVtiger -->
        <test-method status="SKIP" signature="closeBrowser()[pri:0, instance:vtigerTestCases.TC10@7b49cea0]" name="closeBrowser" is-config="true" duration-ms="0" started-at="2021-08-27T17:53:29Z" finished-at="2021-08-27T17:53:29Z">
          <reporter-output>
          </reporter-output>
        </test-method> <!-- closeBrowser -->
      </class> <!-- vtigerTestCases.TC10 -->
      <class name="vtigerTestCases.TC11">
        <test-method status="PASS" signature="launchBrowser()[pri:0, instance:vtigerTestCases.TC11@61f8bee4]" name="launchBrowser" is-config="true" duration-ms="1639" started-at="2021-08-27T17:51:52Z" finished-at="2021-08-27T17:51:53Z">
          <reporter-output>
          </reporter-output>
        </test-method> <!-- launchBrowser -->
        <test-method status="PASS" signature="logintoVtiger()[pri:0, instance:vtigerTestCases.TC11@61f8bee4]" name="logintoVtiger" is-config="true" duration-ms="5610" started-at="2021-08-27T17:51:53Z" finished-at="2021-08-27T17:51:59Z">
          <reporter-output>
          </reporter-output>
        </test-method> <!-- logintoVtiger -->
        <test-method status="PASS" signature="testCase11()[pri:0, instance:vtigerTestCases.TC11@61f8bee4]" name="testCase11" duration-ms="30157" started-at="2021-08-27T17:51:59Z" finished-at="2021-08-27T17:52:29Z">
          <reporter-output>
          </reporter-output>
        </test-method> <!-- testCase11 -->
        <test-method status="PASS" signature="logoutVtiger()[pri:0, instance:vtigerTestCases.TC11@61f8bee4]" name="logoutVtiger" is-config="true" duration-ms="2004" started-at="2021-08-27T17:52:29Z" finished-at="2021-08-27T17:52:31Z">
          <reporter-output>
          </reporter-output>
        </test-method> <!-- logoutVtiger -->
        <test-method status="PASS" signature="closeBrowser()[pri:0, instance:vtigerTestCases.TC11@61f8bee4]" name="closeBrowser" is-config="true" duration-ms="75" started-at="2021-08-27T17:52:31Z" finished-at="2021-08-27T17:52:31Z">
          <reporter-output>
          </reporter-output>
        </test-method> <!-- closeBrowser -->
      </class> <!-- vtigerTestCases.TC11 -->
      <class name="vtigerTestCases.TC14">
        <test-method status="SKIP" signature="launchBrowser()[pri:0, instance:vtigerTestCases.TC14@7fac631b]" name="launchBrowser" is-config="true" duration-ms="0" started-at="2021-08-27T17:53:29Z" finished-at="2021-08-27T17:53:29Z">
          <reporter-output>
          </reporter-output>
        </test-method> <!-- launchBrowser -->
        <test-method status="SKIP" signature="logintoVtiger()[pri:0, instance:vtigerTestCases.TC14@7fac631b]" name="logintoVtiger" is-config="true" duration-ms="0" started-at="2021-08-27T17:53:29Z" finished-at="2021-08-27T17:53:29Z">
          <reporter-output>
          </reporter-output>
        </test-method> <!-- logintoVtiger -->
        <test-method status="SKIP" signature="testCase14()[pri:0, instance:vtigerTestCases.TC14@7fac631b]" name="testCase14" duration-ms="0" started-at="2021-08-27T17:53:29Z" finished-at="2021-08-27T17:53:29Z">
          <reporter-output>
          </reporter-output>
        </test-method> <!-- testCase14 -->
        <test-method status="SKIP" signature="closeBrowser()[pri:0, instance:vtigerTestCases.TC14@7fac631b]" name="closeBrowser" is-config="true" duration-ms="0" started-at="2021-08-27T17:53:29Z" finished-at="2021-08-27T17:53:29Z">
          <reporter-output>
          </reporter-output>
        </test-method> <!-- closeBrowser -->
        <test-method status="SKIP" signature="logoutVtiger()[pri:0, instance:vtigerTestCases.TC14@7fac631b]" name="logoutVtiger" is-config="true" duration-ms="0" started-at="2021-08-27T17:53:29Z" finished-at="2021-08-27T17:53:29Z">
          <reporter-output>
          </reporter-output>
        </test-method> <!-- logoutVtiger -->
      </class> <!-- vtigerTestCases.TC14 -->
      <class name="vtigerTestCases.TC15">
        <test-method status="SKIP" signature="launchBrowser()[pri:0, instance:vtigerTestCases.TC15@887af79]" name="launchBrowser" is-config="true" duration-ms="0" started-at="2021-08-27T17:53:29Z" finished-at="2021-08-27T17:53:29Z">
          <reporter-output>
          </reporter-output>
        </test-method> <!-- launchBrowser -->
        <test-method status="SKIP" signature="testCase14()[pri:0, instance:vtigerTestCases.TC15@887af79]" name="testCase14" duration-ms="1" started-at="2021-08-27T17:53:29Z" finished-at="2021-08-27T17:53:29Z">
          <reporter-output>
          </reporter-output>
        </test-method> <!-- testCase14 -->
        <test-method status="SKIP" signature="logintoVtiger()[pri:0, instance:vtigerTestCases.TC15@887af79]" name="logintoVtiger" is-config="true" duration-ms="0" started-at="2021-08-27T17:53:29Z" finished-at="2021-08-27T17:53:29Z">
          <reporter-output>
          </reporter-output>
        </test-method> <!-- logintoVtiger -->
        <test-method status="SKIP" signature="logoutVtiger()[pri:0, instance:vtigerTestCases.TC15@887af79]" name="logoutVtiger" is-config="true" duration-ms="0" started-at="2021-08-27T17:53:29Z" finished-at="2021-08-27T17:53:29Z">
          <reporter-output>
          </reporter-output>
        </test-method> <!-- logoutVtiger -->
        <test-method status="SKIP" signature="closeBrowser()[pri:0, instance:vtigerTestCases.TC15@887af79]" name="closeBrowser" is-config="true" duration-ms="0" started-at="2021-08-27T17:53:29Z" finished-at="2021-08-27T17:53:29Z">
          <reporter-output>
          </reporter-output>
        </test-method> <!-- closeBrowser -->
      </class> <!-- vtigerTestCases.TC15 -->
    </test> <!-- Test -->
  </suite> <!-- Suite -->
</testng-results>
